yarn run v1.22.22
$ storybook build --output-dir=/var/folders/01/z_n80nds02jd8mw5j8zrtf4r0000gn/T/chromatic--3179-DPRlUb8keT6n

┌  Building storybook v10.1.4
│
◇  Cleaning outputDir:
│  ../../../../../var/folders/01/z_n80nds02jd8mw5j8zrtf4r0000gn/T/chromatic--3179-DPRlUb8keT6n
│
◇  Loading presets
│
▲  Could not resolve addon
│  "/Users/gaganmalik/Development/presto-design-system/node_modules/@storybook/addon-postcss",
│  skipping. Is it installed?
│
▲  Could not resolve addon
│  "/Users/gaganmalik/Development/presto-design-system/node_modules/@storybook/addon-postcss",
│  skipping. Is it installed?
│
◇  Building manager..
│
●  Building preview..
│
●  Addon-docs: using MDX3
│
▲  No story files found for the specified pattern: src/**/*.mdx
│
●  Using implicit CSS loaders
│
●  Using default Webpack5 setup
│
■  Module parse failed: Unexpected token (1:12)
│  File was processed with these loaders:
│  * ./node_modules/@storybook/csf-plugin/dist/webpack-loader.js
│  *
│  ../node_modules/@storybook/builder-webpack5/dist/loaders/export-order-loader.js
│  You may need an additional loader to handle the result of these
│  loaders.
│  > import type { Meta, StoryObj } from "@storybook/react-webpack5";
│  | import React from "react";
│  | import { Accordion } from "./Accordion";
│
■  Module parse failed: Unexpected token (1:12)
│  File was processed with these loaders:
│  * ./node_modules/@storybook/csf-plugin/dist/webpack-loader.js
│  *
│  ../node_modules/@storybook/builder-webpack5/dist/loaders/export-order-loader.js
│  You may need an additional loader to handle the result of these
│  loaders.
│  > import type { Meta, StoryObj } from "@storybook/react-webpack5";
│  | import React, { useState } from "react";
│  | import { ActionSheet } from "./ActionSheet";
│
■  Module parse failed: Unexpected token (5:10)
│  File was processed with these loaders:
│  * ./node_modules/@storybook/csf-plugin/dist/webpack-loader.js
│  *
│  ../node_modules/@storybook/builder-webpack5/dist/loaders/export-order-loader.js
│  You may need an additional loader to handle the result of these
│  loaders.
│  | import { Button } from "../Button";
│  | import React from "react";
│  > const meta: Meta<typeof AlCreditsCard> = {
│  |   title: "designsystem/AlCreditsCard",
│  |   component: AlCreditsCard,
│
■  Module parse failed: Unexpected token (4:10)
│  File was processed with these loaders:
│  * ./node_modules/@storybook/csf-plugin/dist/webpack-loader.js
│  *
│  ../node_modules/@storybook/builder-webpack5/dist/loaders/export-order-loader.js
│  You may need an additional loader to handle the result of these
│  loaders.
│  | import { Alert } from "./Alert";
│  | import React from "react";
│  > const meta: Meta<typeof Alert> = {
│  |   title: "designsystem/Alert",
│  |   component: Alert,
│
■  Module parse failed: Unexpected token (1:12)
│  File was processed with these loaders:
│  * ./node_modules/@storybook/csf-plugin/dist/webpack-loader.js
│  *
│  ../node_modules/@storybook/builder-webpack5/dist/loaders/export-order-loader.js
│  You may need an additional loader to handle the result of these
│  loaders.
│  > import type { Meta, StoryObj } from "@storybook/react-webpack5";
│  | import { AreaChart } from "../../index";
│  | const keys = ["uv", "pv"];
│
■  Module parse failed: Unexpected token (1:12)
│  File was processed with these loaders:
│  * ./node_modules/@storybook/csf-plugin/dist/webpack-loader.js
│  *
│  ../node_modules/@storybook/builder-webpack5/dist/loaders/export-order-loader.js
│  You may need an additional loader to handle the result of these
│  loaders.
│  > import type { Meta, StoryObj } from "@storybook/react-webpack5";
│  | import { AspectRatio } from "./AspectRatio";
│  | const meta: Meta<typeof AspectRatio> = {
│
■  Module parse failed: Unexpected token (4:10)
│  File was processed with these loaders:
│  * ./node_modules/@storybook/csf-plugin/dist/webpack-loader.js
│  *
│  ../node_modules/@storybook/builder-webpack5/dist/loaders/export-order-loader.js
│  You may need an additional loader to handle the result of these
│  loaders.
│  | import { AssistantInput } from "./AssistantInput";
│  | import React from "react";
│  > const meta: Meta<typeof AssistantInput> = {
│  |   title: "designsystem/AssistantInput",
│  |   component: AssistantInput,
│
■  Module parse failed: Unexpected token (1:12)
│  File was processed with these loaders:
│  * ./node_modules/@storybook/csf-plugin/dist/webpack-loader.js
│  *
│  ../node_modules/@storybook/builder-webpack5/dist/loaders/export-order-loader.js
│  You may need an additional loader to handle the result of these
│  loaders.
│  > import type { Meta, StoryObj } from "@storybook/react-webpack5";
│  | import { AuthLayout as ALayout, Button, FormGroup, Input } from
│  "../../index";
│  | import permiLogo from "../../assets/icons/permitechPLogo.svg";
│
■  Module parse failed: Unexpected token (2:12)
│  File was processed with these loaders:
│  * ./node_modules/@storybook/csf-plugin/dist/webpack-loader.js
│  *
│  ../node_modules/@storybook/builder-webpack5/dist/loaders/export-order-loader.js
│  You may need an additional loader to handle the result of these
│  loaders.
│  | import React from "react";
│  > import type { Meta, StoryObj } from "@storybook/react-webpack5";
│  | import { Avatar as Avtr } from "../../index";
│  | import increase from "../../assets/icons/unassigned.svg";
│
■  Module parse failed: Unexpected token (1:12)
│  File was processed with these loaders:
│  * ./node_modules/@storybook/csf-plugin/dist/webpack-loader.js
│  *
│  ../node_modules/@storybook/builder-webpack5/dist/loaders/export-order-loader.js
│  You may need an additional loader to handle the result of these
│  loaders.
│  > import type { Meta, StoryObj } from "@storybook/react-webpack5";
│  | import { AvatarLabelGroup as ALG } from "../../index";
│  | const meta: Meta<typeof ALG> = {
│
■  Module parse failed: Unexpected token (2:12)
│  File was processed with these loaders:
│  * ./node_modules/@storybook/csf-plugin/dist/webpack-loader.js
│  *
│  ../node_modules/@storybook/builder-webpack5/dist/loaders/export-order-loader.js
│  You may need an additional loader to handle the result of these
│  loaders.
│  | import React from "react";
│  > import type { Meta, StoryObj } from "@storybook/react-webpack5";
│  | import { Badge as Bdge } from "../../index";
│  | import increase from "../../assets/icons/increase.svg";
│
■  Module parse failed: Unexpected token (4:10)
│  File was processed with these loaders:
│  * ./node_modules/@storybook/csf-plugin/dist/webpack-loader.js
│  *
│  ../node_modules/@storybook/builder-webpack5/dist/loaders/export-order-loader.js
│  You may need an additional loader to handle the result of these
│  loaders.
│  | import { BillingCard } from "./index";
│  | import React from "react";
│  > const meta: Meta<typeof BillingCard> = {
│  |   title: "designsystem/BillingCard",
│  |   component: BillingCard,
│
■  Module parse failed: Unexpected token (1:12)
│  File was processed with these loaders:
│  * ./node_modules/@storybook/csf-plugin/dist/webpack-loader.js
│  *
│  ../node_modules/@storybook/builder-webpack5/dist/loaders/export-order-loader.js
│  You may need an additional loader to handle the result of these
│  loaders.
│  > import type { Meta, StoryObj } from "@storybook/react-webpack5";
│  | import { BottomNav as BNav, IBottomNavItem } from "../../index";
│  | import dashboardIcon from "../../assets/icons/dashboardSample.svg";
│
■  Module parse failed: Unexpected token (1:12)
│  File was processed with these loaders:
│  * ./node_modules/@storybook/csf-plugin/dist/webpack-loader.js
│  *
│  ../node_modules/@storybook/builder-webpack5/dist/loaders/export-order-loader.js
│  You may need an additional loader to handle the result of these
│  loaders.
│  > import type { Meta, StoryObj } from "@storybook/react-webpack5";
│  | import { BreadCrumb } from "../../index";
│  | const meta: Meta<typeof BreadCrumb> = {
│
■  Module parse failed: Unexpected token (1:12)
│  File was processed with these loaders:
│  * ./node_modules/@storybook/csf-plugin/dist/webpack-loader.js
│  *
│  ../node_modules/@storybook/builder-webpack5/dist/loaders/export-order-loader.js
│  You may need an additional loader to handle the result of these
│  loaders.
│  > import type { Meta, StoryObj } from "@storybook/react-webpack5";
│  | import { Button } from "./Button";
│  | import { ThemeProvider } from "../../contexts/ThemeContext";
│
■  Module parse failed: Unexpected token (1:12)
│  File was processed with these loaders:
│  * ./node_modules/@storybook/csf-plugin/dist/webpack-loader.js
│  *
│  ../node_modules/@storybook/builder-webpack5/dist/loaders/export-order-loader.js
│  You may need an additional loader to handle the result of these
│  loaders.
│  > import type { Meta, StoryObj } from "@storybook/react-webpack5";
│  | import { Button } from "./Button";
│  | import closeIcon from "../../assets/icons/alert/close.svg";
│
■  Module parse failed: Unexpected token (1:12)
│  File was processed with these loaders:
│  * ./node_modules/@storybook/csf-plugin/dist/webpack-loader.js
│  *
│  ../node_modules/@storybook/builder-webpack5/dist/loaders/export-order-loader.js
│  You may need an additional loader to handle the result of these
│  loaders.
│  > import type { Meta, StoryObj } from "@storybook/react-webpack5";
│  | import { ButtonGroup as BG } from "../../index";
│  | import React from "react";
│
■  Module parse failed: Unexpected token (1:12)
│  File was processed with these loaders:
│  * ./node_modules/@storybook/csf-plugin/dist/webpack-loader.js
│  *
│  ../node_modules/@storybook/builder-webpack5/dist/loaders/export-order-loader.js
│  You may need an additional loader to handle the result of these
│  loaders.
│  > import type { Meta, StoryObj } from "@storybook/react-webpack5";
│  | import { ButtonV2 } from "./ButtonV2";
│  | import { Icons } from "../Icons/Icons";
│
■  Module parse failed: Unexpected token (5:10)
│  File was processed with these loaders:
│  * ./node_modules/@storybook/csf-plugin/dist/webpack-loader.js
│  *
│  ../node_modules/@storybook/builder-webpack5/dist/loaders/export-order-loader.js
│  You may need an additional loader to handle the result of these
│  loaders.
│  | import Calendar from './Calendar';
│  | import Avatar from '../Avatar/Avatar';
│  > const meta: Meta<typeof Calendar> = {
│  |   title: 'designsystem/Calendar',
│  |   component: Calendar,
│
■  Module parse failed: Unexpected token (1:12)
│  File was processed with these loaders:
│  * ./node_modules/@storybook/csf-plugin/dist/webpack-loader.js
│  *
│  ../node_modules/@storybook/builder-webpack5/dist/loaders/export-order-loader.js
│  You may need an additional loader to handle the result of these
│  loaders.
│  > import type { Meta, StoryObj } from "@storybook/react-webpack5";
│  | import CardDashboard from "./DashboardCard";
│  | import PieChart from "../../PieChart";
│
■  Module parse failed: Unexpected token (1:12)
│  File was processed with these loaders:
│  * ./node_modules/@storybook/csf-plugin/dist/webpack-loader.js
│  *
│  ../node_modules/@storybook/builder-webpack5/dist/loaders/export-order-loader.js
│  You may need an additional loader to handle the result of these
│  loaders.
│  > import type { Meta, StoryObj } from "@storybook/react-webpack5";
│  | import OverviewCard from "./OverviewCard";
│  | const meta: Meta<typeof OverviewCard> = {
│
■  Module parse failed: Unexpected token (1:12)
│  File was processed with these loaders:
│  * ./node_modules/@storybook/csf-plugin/dist/webpack-loader.js
│  *
│  ../node_modules/@storybook/builder-webpack5/dist/loaders/export-order-loader.js
│  You may need an additional loader to handle the result of these
│  loaders.
│  > import type { Meta, StoryObj } from "@storybook/react-webpack5";
│  | import React from "react";
│  | import { Carousel } from "./Carousel";
│
■  Module parse failed: Unexpected token (3:10)
│  File was processed with these loaders:
│  * ./node_modules/@storybook/csf-plugin/dist/webpack-loader.js
│  *
│  ../node_modules/@storybook/builder-webpack5/dist/loaders/export-order-loader.js
│  You may need an additional loader to handle the result of these
│  loaders.
│  | import { Meta, StoryObj } from "@storybook/react-webpack5";
│  | import { Checkbox } from "./index";
│  > const meta: Meta<typeof Checkbox> = {
│  |   title: "designsystem/Checkbox",
│  |   component: Checkbox,
│
■  Module parse failed: Unexpected token (1:12)
│  File was processed with these loaders:
│  * ./node_modules/@storybook/csf-plugin/dist/webpack-loader.js
│  *
│  ../node_modules/@storybook/builder-webpack5/dist/loaders/export-order-loader.js
│  You may need an additional loader to handle the result of these
│  loaders.
│  > import type { Meta, StoryObj } from "@storybook/react-webpack5";
│  | import React from "react";
│  | import { Collapsible } from "./Collapsible";
│
■  Module parse failed: Unexpected token (1:12)
│  File was processed with these loaders:
│  * ./node_modules/@storybook/csf-plugin/dist/webpack-loader.js
│  *
│  ../node_modules/@storybook/builder-webpack5/dist/loaders/export-order-loader.js
│  You may need an additional loader to handle the result of these
│  loaders.
│  > import type { Meta, StoryObj } from "@storybook/react-webpack5";
│  | import React, { useState } from "react";
│  | import { CommandMenu } from "./CommandMenu";
│
■  Module parse failed: Unexpected token (1:12)
│  File was processed with these loaders:
│  * ./node_modules/@storybook/csf-plugin/dist/webpack-loader.js
│  *
│  ../node_modules/@storybook/builder-webpack5/dist/loaders/export-order-loader.js
│  You may need an additional loader to handle the result of these
│  loaders.
│  > import type { Meta, StoryObj } from "@storybook/react-webpack5";
│  | import { Comments as Cmts } from "../index";
│  | import notificationAvatar from "./icons/notificationAvatar.svg";
│
■  Module parse failed: Unexpected token (2:12)
│  File was processed with these loaders:
│  * ./node_modules/@storybook/csf-plugin/dist/webpack-loader.js
│  *
│  ../node_modules/@storybook/builder-webpack5/dist/loaders/export-order-loader.js
│  You may need an additional loader to handle the result of these
│  loaders.
│  | import React from "react";
│  > import type { Meta, StoryObj } from "@storybook/react-webpack5";
│  | import { Confetti } from "./Confetti";
│  | const meta: Meta<typeof Confetti> = {
│
■  Module parse failed: Unexpected token (1:12)
│  File was processed with these loaders:
│  * ./node_modules/@storybook/csf-plugin/dist/webpack-loader.js
│  *
│  ../node_modules/@storybook/builder-webpack5/dist/loaders/export-order-loader.js
│  You may need an additional loader to handle the result of these
│  loaders.
│  > import type { Meta, StoryObj } from "@storybook/react-webpack5";
│  | import React from "react";
│  | import { Container as Box } from "../../index";
│
■  Module parse failed: Unexpected token (5:10)
│  File was processed with these loaders:
│  * ./node_modules/@storybook/csf-plugin/dist/webpack-loader.js
│  *
│  ../node_modules/@storybook/builder-webpack5/dist/loaders/export-order-loader.js
│  You may need an additional loader to handle the result of these
│  loaders.
│  | import { useGlobals } from '@storybook/addons';
│  | import React from "react";
│  > const meta: Meta<typeof ContentBox> = {
│  |   title: "designsystem/ContentBox",
│  |   component: ContentBox,
│
■  Module parse failed: Unexpected token (1:12)
│  File was processed with these loaders:
│  * ./node_modules/@storybook/csf-plugin/dist/webpack-loader.js
│  *
│  ../node_modules/@storybook/builder-webpack5/dist/loaders/export-order-loader.js
│  You may need an additional loader to handle the result of these
│  loaders.
│  > import type { Meta, StoryObj } from "@storybook/react-webpack5";
│  | import React from "react";
│  | import { ContextMenu } from "./ContextMenu";
│
■  Module parse failed: Unexpected token (2:12)
│  File was processed with these loaders:
│  * ./node_modules/@storybook/csf-plugin/dist/webpack-loader.js
│  *
│  ../node_modules/@storybook/builder-webpack5/dist/loaders/export-order-loader.js
│  You may need an additional loader to handle the result of these
│  loaders.
│  | import React from "react";
│  > import type { Meta, StoryObj } from "@storybook/react-webpack5";
│  | import { DatePicker, PopoverPlacement } from "../../index";
│  | const meta: Meta<typeof DatePicker> = {
│
■  Module parse failed: Unexpected token (2:12)
│  File was processed with these loaders:
│  * ./node_modules/@storybook/csf-plugin/dist/webpack-loader.js
│  *
│  ../node_modules/@storybook/builder-webpack5/dist/loaders/export-order-loader.js
│  You may need an additional loader to handle the result of these
│  loaders.
│  | import React from "react";
│  > import type { Meta, StoryObj } from "@storybook/react-webpack5";
│  | import DateRangePicker from "./DateRangePicker";
│  | const meta: Meta<typeof DateRangePicker> = {
│
■  Module parse failed: Unexpected token (2:12)
│  File was processed with these loaders:
│  * ./node_modules/@storybook/csf-plugin/dist/webpack-loader.js
│  *
│  ../node_modules/@storybook/builder-webpack5/dist/loaders/export-order-loader.js
│  You may need an additional loader to handle the result of these
│  loaders.
│  | import React from "react";
│  > import type { Meta, StoryObj } from "@storybook/react-webpack5";
│  | import DateRangePickerV2 from "./DateRangePickerV2";
│  | const meta: Meta<typeof DateRangePickerV2> = {
│
■  Module parse failed: Unexpected token (1:12)
│  File was processed with these loaders:
│  * ./node_modules/@storybook/csf-plugin/dist/webpack-loader.js
│  *
│  ../node_modules/@storybook/builder-webpack5/dist/loaders/export-order-loader.js
│  You may need an additional loader to handle the result of these
│  loaders.
│  > import type { Meta, StoryObj } from "@storybook/react-webpack5";
│  | import { DonutChart } from "../../index";
│  | const meta: Meta<typeof DonutChart> = {
│
■  Module parse failed: Unexpected token (2:12)
│  File was processed with these loaders:
│  * ./node_modules/@storybook/csf-plugin/dist/webpack-loader.js
│  *
│  ../node_modules/@storybook/builder-webpack5/dist/loaders/export-order-loader.js
│  You may need an additional loader to handle the result of these
│  loaders.
│  | import React, { useEffect } from "react";
│  > import type { Meta, StoryObj } from "@storybook/react-webpack5";
│  | import dummyImage from "../../assets/icons/dummyImage.svg";
│  | import { DragAndDrop as DnD } from "../../index";
│
■  Module parse failed: Unexpected token (2:12)
│  File was processed with these loaders:
│  * ./node_modules/@storybook/csf-plugin/dist/webpack-loader.js
│  *
│  ../node_modules/@storybook/builder-webpack5/dist/loaders/export-order-loader.js
│  You may need an additional loader to handle the result of these
│  loaders.
│  | import React from "react";
│  > import type { Meta, StoryObj } from "@storybook/react-webpack5";
│  | import { Draggable, HomeCardGroup, OverviewCard } from
│  "../../index";
│  | const meta: Meta<typeof Draggable> = {
│
■  Module parse failed: Unexpected token (2:12)
│  File was processed with these loaders:
│  * ./node_modules/@storybook/csf-plugin/dist/webpack-loader.js
│  *
│  ../node_modules/@storybook/builder-webpack5/dist/loaders/export-order-loader.js
│  You may need an additional loader to handle the result of these
│  loaders.
│  | import React, { useState } from "react";
│  > import type { Meta, StoryObj } from "@storybook/react-webpack5";
│  | import { Drawer } from "../../index";
│  | const meta: Meta<typeof Drawer> = {
│
■  Module parse failed: Unexpected token (2:12)
│  File was processed with these loaders:
│  * ./node_modules/@storybook/csf-plugin/dist/webpack-loader.js
│  *
│  ../node_modules/@storybook/builder-webpack5/dist/loaders/export-order-loader.js
│  You may need an additional loader to handle the result of these
│  loaders.
│  | import React from "react";
│  > import type { Meta, StoryObj } from "@storybook/react-webpack5";
│  | import { MenuDrawer } from "../../index";
│  | import star from "../../assets/icons/popover/star-filled.svg";
│
■  Module parse failed: Unexpected token (2:12)
│  File was processed with these loaders:
│  * ./node_modules/@storybook/csf-plugin/dist/webpack-loader.js
│  *
│  ../node_modules/@storybook/builder-webpack5/dist/loaders/export-order-loader.js
│  You may need an additional loader to handle the result of these
│  loaders.
│  | import React from "react";
│  > import type { Meta, StoryObj } from "@storybook/react-webpack5";
│  | import { Dropdown } from "../../index";
│  | function classNames(...classes: string[]) {
│
■  Module parse failed: Unexpected token (1:12)
│  File was processed with these loaders:
│  * ./node_modules/@storybook/csf-plugin/dist/webpack-loader.js
│  *
│  ../node_modules/@storybook/builder-webpack5/dist/loaders/export-order-loader.js
│  You may need an additional loader to handle the result of these
│  loaders.
│  > import type { Meta, StoryObj } from "@storybook/react-webpack5";
│  | import { DropdownMenu } from "./DropdownMenu";
│  | import { Button } from "../Button";
│
■  Module parse failed: Unexpected token (2:12)
│  File was processed with these loaders:
│  * ./node_modules/@storybook/csf-plugin/dist/webpack-loader.js
│  *
│  ../node_modules/@storybook/builder-webpack5/dist/loaders/export-order-loader.js
│  You may need an additional loader to handle the result of these
│  loaders.
│  | import React from "react";
│  > import type { Meta, StoryObj } from "@storybook/react-webpack5";
│  | import companyAvatar from "../../assets/icons/companyAvatar.svg";
│  | import Card from "./Card";
│
■  Module parse failed: Unexpected token (2:12)
│  File was processed with these loaders:
│  * ./node_modules/@storybook/csf-plugin/dist/webpack-loader.js
│  *
│  ../node_modules/@storybook/builder-webpack5/dist/loaders/export-order-loader.js
│  You may need an additional loader to handle the result of these
│  loaders.
│  | import React from "react";
│  > import type { Meta, StoryObj } from "@storybook/react-webpack5";
│  | import FeedCard from "./FeedCard";
│  | import Avatar from "../Avatar";
│
■  Module parse failed: Unexpected token (1:12)
│  File was processed with these loaders:
│  * ./node_modules/@storybook/csf-plugin/dist/webpack-loader.js
│  *
│  ../node_modules/@storybook/builder-webpack5/dist/loaders/export-order-loader.js
│  You may need an additional loader to handle the result of these
│  loaders.
│  > import type { Meta, StoryObj } from "@storybook/react-webpack5";
│  | import { FileManager } from ".";
│  | import FolderIcon from "../../assets/icons/folder.svg";
│
■  Module parse failed: Unexpected token (1:12)
│  File was processed with these loaders:
│  * ./node_modules/@storybook/csf-plugin/dist/webpack-loader.js
│  *
│  ../node_modules/@storybook/builder-webpack5/dist/loaders/export-order-loader.js
│  You may need an additional loader to handle the result of these
│  loaders.
│  > import type { Meta, StoryObj } from "@storybook/react-webpack5";
│  | import React from "react";
│  | import { FloatingToolbar } from "./FloatingToolbar";
│
■  Module parse failed: Unexpected token (1:12)
│  File was processed with these loaders:
│  * ./node_modules/@storybook/csf-plugin/dist/webpack-loader.js
│  *
│  ../node_modules/@storybook/builder-webpack5/dist/loaders/export-order-loader.js
│  You may need an additional loader to handle the result of these
│  loaders.
│  > import type { Meta, StoryObj } from "@storybook/react-webpack5";
│  | import { Form } from "./Form";
│  | import { Input } from "../FormInput/Input";
│
■  Module parse failed: Unexpected token (1:12)
│  File was processed with these loaders:
│  * ./node_modules/@storybook/csf-plugin/dist/webpack-loader.js
│  *
│  ../node_modules/@storybook/builder-webpack5/dist/loaders/export-order-loader.js
│  You may need an additional loader to handle the result of these
│  loaders.
│  > import type { Meta, StoryObj } from "@storybook/react-webpack5";
│  | import React from "react";
│  | import { FormGroup as FGroup, Input } from "../../index";
│
■  Module parse failed: Unexpected token (1:12)
│  File was processed with these loaders:
│  * ./node_modules/@storybook/csf-plugin/dist/webpack-loader.js
│  *
│  ../node_modules/@storybook/builder-webpack5/dist/loaders/export-order-loader.js
│  You may need an additional loader to handle the result of these
│  loaders.
│  > import type { Meta, StoryObj } from "@storybook/react-webpack5";
│  | import { FileUpload as FUpload } from "../../index";
│  |
│
■  Module parse failed: Unexpected token (1:12)
│  File was processed with these loaders:
│  * ./node_modules/@storybook/csf-plugin/dist/webpack-loader.js
│  *
│  ../node_modules/@storybook/builder-webpack5/dist/loaders/export-order-loader.js
│  You may need an additional loader to handle the result of these
│  loaders.
│  > import type { Meta, StoryObj } from "@storybook/react-webpack5";
│  | import { FilesInfoList as FilesInfo } from "../../../index";
│  |
│
■  Module parse failed: Unexpected token (1:12)
│  File was processed with these loaders:
│  * ./node_modules/@storybook/csf-plugin/dist/webpack-loader.js
│  *
│  ../node_modules/@storybook/builder-webpack5/dist/loaders/export-order-loader.js
│  You may need an additional loader to handle the result of these
│  loaders.
│  > import type { Meta, StoryObj } from "@storybook/react-webpack5";
│  | import { Input as Inpt } from "../../index";
│  |
│
■  Module parse failed: Unexpected token (1:12)
│  File was processed with these loaders:
│  * ./node_modules/@storybook/csf-plugin/dist/webpack-loader.js
│  *
│  ../node_modules/@storybook/builder-webpack5/dist/loaders/export-order-loader.js
│  You may need an additional loader to handle the result of these
│  loaders.
│  > import type { Meta, StoryObj } from "@storybook/react-webpack5";
│  | import { TextArea as TArea } from "../../index";
│  |
│
■  Module parse failed: Unexpected token (1:12)
│  File was processed with these loaders:
│  * ./node_modules/@storybook/csf-plugin/dist/webpack-loader.js
│  *
│  ../node_modules/@storybook/builder-webpack5/dist/loaders/export-order-loader.js
│  You may need an additional loader to handle the result of these
│  loaders.
│  > import type { Meta, StoryObj } from "@storybook/react-webpack5";
│  | import { Grid } from "./Grid";
│  | const meta: Meta<typeof Grid> = {
│
■  Module parse failed: Unexpected token (2:12)
│  File was processed with these loaders:
│  * ./node_modules/@storybook/csf-plugin/dist/webpack-loader.js
│  *
│  ../node_modules/@storybook/builder-webpack5/dist/loaders/export-order-loader.js
│  You may need an additional loader to handle the result of these
│  loaders.
│  | import React from "react";
│  > import type { Meta, StoryObj } from "@storybook/react-webpack5";
│  | import { Heading } from "../../index";
│  | const meta: Meta<typeof Heading> = {
│
■  Module parse failed: Unexpected token (1:12)
│  File was processed with these loaders:
│  * ./node_modules/@storybook/csf-plugin/dist/webpack-loader.js
│  *
│  ../node_modules/@storybook/builder-webpack5/dist/loaders/export-order-loader.js
│  You may need an additional loader to handle the result of these
│  loaders.
│  > import type { Meta, StoryObj } from "@storybook/react-webpack5";
│  | import HomeCard from "./HomeCard";
│  | import userImage from "../../assets/icons/ticketAvatar.svg";
│
■  Module parse failed: Unexpected token (1:12)
│  File was processed with these loaders:
│  * ./node_modules/@storybook/csf-plugin/dist/webpack-loader.js
│  *
│  ../node_modules/@storybook/builder-webpack5/dist/loaders/export-order-loader.js
│  You may need an additional loader to handle the result of these
│  loaders.
│  > import type { Meta, StoryObj } from "@storybook/react-webpack5";
│  | import HomeCardGroup from "./HomeCardGroup";
│  | import userImage from "../../assets/icons/ticketAvatar.svg";
│
■  Module parse failed: Unexpected token (1:12)
│  File was processed with these loaders:
│  * ./node_modules/@storybook/csf-plugin/dist/webpack-loader.js
│  *
│  ../node_modules/@storybook/builder-webpack5/dist/loaders/export-order-loader.js
│  You may need an additional loader to handle the result of these
│  loaders.
│  > import type { Meta, StoryObj } from "@storybook/react-webpack5";
│  | import { HoverCard } from "./HoverCard";
│  | import { Avatar } from "../Avatar";
│
■  Module parse failed: Unexpected token (4:10)
│  File was processed with these loaders:
│  * ./node_modules/@storybook/csf-plugin/dist/webpack-loader.js
│  *
│  ../node_modules/@storybook/builder-webpack5/dist/loaders/export-order-loader.js
│  You may need an additional loader to handle the result of these
│  loaders.
│  | import { Icons } from "./Icons";
│  | import React from "react";
│  > const meta: Meta<typeof Icons> = {
│  |   title: "designsystem/Icons",
│  |   component: Icons,
│
■  Module parse failed: Unexpected token (1:12)
│  File was processed with these loaders:
│  * ./node_modules/@storybook/csf-plugin/dist/webpack-loader.js
│  *
│  ../node_modules/@storybook/builder-webpack5/dist/loaders/export-order-loader.js
│  You may need an additional loader to handle the result of these
│  loaders.
│  > import type { Meta, StoryObj } from "@storybook/react-webpack5";
│  | import React, { useState } from "react";
│  | import { InfiniteScroll } from "./InfiniteScroll";
│
■  Module parse failed: Unexpected token (1:12)
│  File was processed with these loaders:
│  * ./node_modules/@storybook/csf-plugin/dist/webpack-loader.js
│  *
│  ../node_modules/@storybook/builder-webpack5/dist/loaders/export-order-loader.js
│  You may need an additional loader to handle the result of these
│  loaders.
│  > import type { Meta, StoryObj } from "@storybook/react-webpack5";
│  | import InfoChart from "./InfoChart";
│  | const meta: Meta<typeof InfoChart> = {
│
■  Module parse failed: Unexpected token (2:12)
│  File was processed with these loaders:
│  * ./node_modules/@storybook/csf-plugin/dist/webpack-loader.js
│  *
│  ../node_modules/@storybook/builder-webpack5/dist/loaders/export-order-loader.js
│  You may need an additional loader to handle the result of these
│  loaders.
│  | import React from "react";
│  > import type { Meta, StoryObj } from "@storybook/react-webpack5";
│  | import { InfoContainer } from "../../index";
│  | import homeIcon from "../../assets/icons/home.svg";
│
■  Module parse failed: Unexpected token (1:12)
│  File was processed with these loaders:
│  * ./node_modules/@storybook/csf-plugin/dist/webpack-loader.js
│  *
│  ../node_modules/@storybook/builder-webpack5/dist/loaders/export-order-loader.js
│  You may need an additional loader to handle the result of these
│  loaders.
│  > import type { Meta, StoryObj } from "@storybook/react-webpack5";
│  | import { Label } from "./Label";
│  | import { Input } from "../FormInput/Input";
│
■  Module parse failed: Unexpected token (1:12)
│  File was processed with these loaders:
│  * ./node_modules/@storybook/csf-plugin/dist/webpack-loader.js
│  *
│  ../node_modules/@storybook/builder-webpack5/dist/loaders/export-order-loader.js
│  You may need an additional loader to handle the result of these
│  loaders.
│  > import type { Meta, StoryObj } from "@storybook/react-webpack5";
│  | import React from "react";
│  | import { LiquidGlassTabBar } from "./LiquidGlassTabBar";
│
■  Module parse failed: Unexpected token (1:12)
│  File was processed with these loaders:
│  * ./node_modules/@storybook/csf-plugin/dist/webpack-loader.js
│  *
│  ../node_modules/@storybook/builder-webpack5/dist/loaders/export-order-loader.js
│  You may need an additional loader to handle the result of these
│  loaders.
│  > import type { Meta, StoryObj } from "@storybook/react-webpack5";
│  | import { Loader as LoaderComp } from "../../index";
│  | const meta: Meta<typeof LoaderComp> = {
│
■  Module parse failed: Unexpected token (1:12)
│  File was processed with these loaders:
│  * ./node_modules/@storybook/csf-plugin/dist/webpack-loader.js
│  *
│  ../node_modules/@storybook/builder-webpack5/dist/loaders/export-order-loader.js
│  You may need an additional loader to handle the result of these
│  loaders.
│  > import type { Meta, StoryObj } from "@storybook/react-webpack5";
│  | import DropdownItem from "./DropdownItem";
│  | import { DropdownDataProps } from "./MenuPopover";
│
■  Module parse failed: Unexpected token (2:12)
│  File was processed with these loaders:
│  * ./node_modules/@storybook/csf-plugin/dist/webpack-loader.js
│  *
│  ../node_modules/@storybook/builder-webpack5/dist/loaders/export-order-loader.js
│  You may need an additional loader to handle the result of these
│  loaders.
│  | import React from "react";
│  > import type { Meta, StoryObj } from "@storybook/react-webpack5";
│  | import { DropdownDataProps, MenuPopover, PopoverPlacement, Avatar,
│  Badge } from "../../index";
│  | import star from "../../assets/icons/popover/star-filled.svg";
│
■  Module parse failed: Unexpected token (1:12)
│  File was processed with these loaders:
│  * ./node_modules/@storybook/csf-plugin/dist/webpack-loader.js
│  *
│  ../node_modules/@storybook/builder-webpack5/dist/loaders/export-order-loader.js
│  You may need an additional loader to handle the result of these
│  loaders.
│  > import type { Meta, StoryObj } from "@storybook/react-webpack5";
│  | import MetricItem from "./MetricItem";
│  | const meta: Meta<typeof MetricItem> = {
│
■  Module parse failed: Unexpected token (1:12)
│  File was processed with these loaders:
│  * ./node_modules/@storybook/csf-plugin/dist/webpack-loader.js
│  *
│  ../node_modules/@storybook/builder-webpack5/dist/loaders/export-order-loader.js
│  You may need an additional loader to handle the result of these
│  loaders.
│  > import type { Meta, StoryObj } from "@storybook/react-webpack5";
│  | import React, { useState } from "react";
│  | import { MobileSheet } from "./MobileSheet";
│
■  Module parse failed: Unexpected token (1:12)
│  File was processed with these loaders:
│  * ./node_modules/@storybook/csf-plugin/dist/webpack-loader.js
│  *
│  ../node_modules/@storybook/builder-webpack5/dist/loaders/export-order-loader.js
│  You may need an additional loader to handle the result of these
│  loaders.
│  > import type { Meta, StoryObj } from "@storybook/react-webpack5";
│  | import React, { useState } from "react";
│  | import { AlertDialog } from "./AlertDialog";
│
■  Module parse failed: Unexpected token (1:12)
│  File was processed with these loaders:
│  * ./node_modules/@storybook/csf-plugin/dist/webpack-loader.js
│  *
│  ../node_modules/@storybook/builder-webpack5/dist/loaders/export-order-loader.js
│  You may need an additional loader to handle the result of these
│  loaders.
│  > import type { Meta, StoryObj } from "@storybook/react-webpack5";
│  | // import type { Meta, StoryObj } from "@storybook/react-webpack5";
│  | // import React from "react";
│
■  Module parse failed: Unexpected token (1:12)
│  File was processed with these loaders:
│  * ./node_modules/@storybook/csf-plugin/dist/webpack-loader.js
│  *
│  ../node_modules/@storybook/builder-webpack5/dist/loaders/export-order-loader.js
│  You may need an additional loader to handle the result of these
│  loaders.
│  > import type { Meta, StoryObj } from "@storybook/react-webpack5";
│  | import React from "react";
│  | import { ModalContainer as MdlContainer } from "../../index";
│
■  Module parse failed: Unexpected token (1:12)
│  File was processed with these loaders:
│  * ./node_modules/@storybook/csf-plugin/dist/webpack-loader.js
│  *
│  ../node_modules/@storybook/builder-webpack5/dist/loaders/export-order-loader.js
│  You may need an additional loader to handle the result of these
│  loaders.
│  > import type { Meta, StoryObj } from "@storybook/react-webpack5";
│  | import { NavigationMenu } from "./NavigationMenu";
│  | const meta: Meta<typeof NavigationMenu> = {
│
■  Module parse failed: Unexpected token (1:12)
│  File was processed with these loaders:
│  * ./node_modules/@storybook/csf-plugin/dist/webpack-loader.js
│  *
│  ../node_modules/@storybook/builder-webpack5/dist/loaders/export-order-loader.js
│  You may need an additional loader to handle the result of these
│  loaders.
│  > import type { Meta, StoryObj } from "@storybook/react-webpack5";
│  | import { Notifications as Notif } from "../index";
│  | import notificationAvatar from "./icons/notificationAvatar.svg";
│
■  Module parse failed: Unexpected token (2:12)
│  File was processed with these loaders:
│  * ./node_modules/@storybook/csf-plugin/dist/webpack-loader.js
│  *
│  ../node_modules/@storybook/builder-webpack5/dist/loaders/export-order-loader.js
│  You may need an additional loader to handle the result of these
│  loaders.
│  | import React from "react";
│  > import type { Meta, StoryObj } from "@storybook/react-webpack5";
│  | import { InfoContainer } from "../../index";
│  | import homeIcon from "../../assets/icons/home.svg";
│
■  Module parse failed: Unexpected token (1:12)
│  File was processed with these loaders:
│  * ./node_modules/@storybook/csf-plugin/dist/webpack-loader.js
│  *
│  ../node_modules/@storybook/builder-webpack5/dist/loaders/export-order-loader.js
│  You may need an additional loader to handle the result of these
│  loaders.
│  > import type { Meta, StoryObj } from "@storybook/react-webpack5";
│  | import React, { useState } from "react";
│  | import { Pagination } from "./Pagination";
│
■  Module parse failed: Unexpected token (3:10)
│  File was processed with these loaders:
│  * ./node_modules/@storybook/csf-plugin/dist/webpack-loader.js
│  *
│  ../node_modules/@storybook/builder-webpack5/dist/loaders/export-order-loader.js
│  You may need an additional loader to handle the result of these
│  loaders.
│  | import { Meta, StoryObj } from "@storybook/react-webpack5";
│  | import { PaymentCard } from "./index";
│  > const meta: Meta<typeof PaymentCard> = {
│  |   title: "designsystem/PaymentCard",
│  |   component: PaymentCard,
│
■  Module parse failed: Unexpected token (5:10)
│  File was processed with these loaders:
│  * ./node_modules/@storybook/csf-plugin/dist/webpack-loader.js
│  *
│  ../node_modules/@storybook/builder-webpack5/dist/loaders/export-order-loader.js
│  You may need an additional loader to handle the result of these
│  loaders.
│  | import { Button } from "../Button/Button";
│  | import React from "react";
│  > const meta: Meta<typeof PaymentCardDetails> = {
│  |   title: "designsystem/PaymentCardDetails",
│  |   component: PaymentCardDetails,
│
■  Module parse failed: Unexpected token (1:12)
│  File was processed with these loaders:
│  * ./node_modules/@storybook/csf-plugin/dist/webpack-loader.js
│  *
│  ../node_modules/@storybook/builder-webpack5/dist/loaders/export-order-loader.js
│  You may need an additional loader to handle the result of these
│  loaders.
│  > import type { Meta, StoryObj } from "@storybook/react-webpack5";
│  | import React, { useState } from "react";
│  | import { PickerView } from "./PickerView";
│
■  Module parse failed: Unexpected token (1:12)
│  File was processed with these loaders:
│  * ./node_modules/@storybook/csf-plugin/dist/webpack-loader.js
│  *
│  ../node_modules/@storybook/builder-webpack5/dist/loaders/export-order-loader.js
│  You may need an additional loader to handle the result of these
│  loaders.
│  > import type { Meta, StoryObj } from "@storybook/react-webpack5";
│  | import { PieChart } from "../../index";
│  | const meta: Meta<typeof PieChart> = {
│
■  Module parse failed: Unexpected token (4:10)
│  File was processed with these loaders:
│  * ./node_modules/@storybook/csf-plugin/dist/webpack-loader.js
│  *
│  ../node_modules/@storybook/builder-webpack5/dist/loaders/export-order-loader.js
│  You may need an additional loader to handle the result of these
│  loaders.
│  | import { PlanList as ListPlan } from "../index";
│  | import React from "react";
│  > const meta: Meta<typeof ListPlan> = {
│  |   title: "designsystem/PlanList",
│  |   component: ListPlan,
│
■  Module parse failed: Unexpected token (1:12)
│  File was processed with these loaders:
│  * ./node_modules/@storybook/csf-plugin/dist/webpack-loader.js
│  *
│  ../node_modules/@storybook/builder-webpack5/dist/loaders/export-order-loader.js
│  You may need an additional loader to handle the result of these
│  loaders.
│  > import type { Meta, StoryObj } from "@storybook/react-webpack5";
│  | import React from "react";
│  | import { PlayGround } from "./PlayGround";
│
■  Module parse failed: Unexpected token (1:12)
│  File was processed with these loaders:
│  * ./node_modules/@storybook/csf-plugin/dist/webpack-loader.js
│  *
│  ../node_modules/@storybook/builder-webpack5/dist/loaders/export-order-loader.js
│  You may need an additional loader to handle the result of these
│  loaders.
│  > import type { Meta, StoryObj } from "@storybook/react-webpack5";
│  | import { Popover } from "./Popover";
│  | import { Button } from "../Button";
│
■  Module parse failed: Unexpected token (2:12)
│  File was processed with these loaders:
│  * ./node_modules/@storybook/csf-plugin/dist/webpack-loader.js
│  *
│  ../node_modules/@storybook/builder-webpack5/dist/loaders/export-order-loader.js
│  You may need an additional loader to handle the result of these
│  loaders.
│  | import React from "react";
│  > import type { Meta, StoryObj } from "@storybook/react-webpack5";
│  | import { PopoverPlacement, Popup } from "../../index";
│  | const meta: Meta<typeof Popup> = {
│
■  Module parse failed: Unexpected token (4:10)
│  File was processed with these loaders:
│  * ./node_modules/@storybook/csf-plugin/dist/webpack-loader.js
│  *
│  ../node_modules/@storybook/builder-webpack5/dist/loaders/export-order-loader.js
│  You may need an additional loader to handle the result of these
│  loaders.
│  | import { ProgressBar } from "./ProgressBar";
│  | import React from "react";
│  > const meta: Meta<typeof ProgressBar> = {
│  |   title: "designsystem/ProgressBar",
│  |   component: ProgressBar,
│
■  Module parse failed: Unexpected token (1:12)
│  File was processed with these loaders:
│  * ./node_modules/@storybook/csf-plugin/dist/webpack-loader.js
│  *
│  ../node_modules/@storybook/builder-webpack5/dist/loaders/export-order-loader.js
│  You may need an additional loader to handle the result of these
│  loaders.
│  > import type { Meta, StoryObj } from "@storybook/react-webpack5";
│  | import React, { useState } from "react";
│  | import { PullToRefresh } from "./PullToRefresh";
│
■  Module parse failed: Unexpected token (6:14)
│  File was processed with these loaders:
│  * ./node_modules/@storybook/csf-plugin/dist/webpack-loader.js
│  *
│  ../node_modules/@storybook/builder-webpack5/dist/loaders/export-order-loader.js
│  You may need an additional loader to handle the result of these
│  loaders.
│  | import LightThemeImgURL from "../../assets/images/light-theme.svg";
│  | import DarkThemeImgURL from "../../assets/images/dark-theme.svg";
│  > const settings: IRadioOption[] = [{
│  |   name: "Public Access",
│  |   description: "This project is visible to anyone on the internet,
│  and can be shared with others."
│
■  Module parse failed: Unexpected token (1:12)
│  File was processed with these loaders:
│  * ./node_modules/@storybook/csf-plugin/dist/webpack-loader.js
│  *
│  ../node_modules/@storybook/builder-webpack5/dist/loaders/export-order-loader.js
│  You may need an additional loader to handle the result of these
│  loaders.
│  > import type { Meta, StoryObj } from "@storybook/react-webpack5";
│  | import React, { useState } from "react";
│  | import { RadioGroup } from "./RadioGroup";
│
■  Module parse failed: Unexpected token (1:12)
│  File was processed with these loaders:
│  * ./node_modules/@storybook/csf-plugin/dist/webpack-loader.js
│  *
│  ../node_modules/@storybook/builder-webpack5/dist/loaders/export-order-loader.js
│  You may need an additional loader to handle the result of these
│  loaders.
│  > import type { Meta, StoryObj } from "@storybook/react-webpack5";
│  | import { Resizable } from "./Resizable";
│  | const meta: Meta<typeof Resizable> = {
│
■  Module parse failed: Unexpected token (1:12)
│  File was processed with these loaders:
│  * ./node_modules/@storybook/csf-plugin/dist/webpack-loader.js
│  *
│  ../node_modules/@storybook/builder-webpack5/dist/loaders/export-order-loader.js
│  You may need an additional loader to handle the result of these
│  loaders.
│  > import type { Meta, StoryObj } from "@storybook/react-webpack5";
│  | import { ScrollArea } from "./ScrollArea";
│  | const meta: Meta<typeof ScrollArea> = {
│
■  Module parse failed: Unexpected token (1:12)
│  File was processed with these loaders:
│  * ./node_modules/@storybook/csf-plugin/dist/webpack-loader.js
│  *
│  ../node_modules/@storybook/builder-webpack5/dist/loaders/export-order-loader.js
│  You may need an additional loader to handle the result of these
│  loaders.
│  > import type { Meta, StoryObj } from "@storybook/react-webpack5";
│  | import { SearchAndFilter as SearchFilter } from "../../index";
│  | import searchIcon from "../../assets/icons/searchIcon.svg";
│
■  Module parse failed: Unexpected token (4:10)
│  File was processed with these loaders:
│  * ./node_modules/@storybook/csf-plugin/dist/webpack-loader.js
│  *
│  ../node_modules/@storybook/builder-webpack5/dist/loaders/export-order-loader.js
│  You may need an additional loader to handle the result of these
│  loaders.
│  | import { SearchInput } from "./index";
│  | import React from "react";
│  > const meta: Meta<typeof SearchInput> = {
│  |   title: "designsystem/SearchInput",
│  |   component: SearchInput,
│
■  Module parse failed: Unexpected token (5:10)
│  File was processed with these loaders:
│  * ./node_modules/@storybook/csf-plugin/dist/webpack-loader.js
│  *
│  ../node_modules/@storybook/builder-webpack5/dist/loaders/export-order-loader.js
│  You may need an additional loader to handle the result of these
│  loaders.
│  | import React from "react";
│  | import { Button } from "../Button/Button";
│  > const meta: Meta<typeof SectionLabel> = {
│  |   title: "designsystem/SectionLabel",
│  |   component: SectionLabel,
│
■  Module parse failed: Unexpected token (1:12)
│  File was processed with these loaders:
│  * ./node_modules/@storybook/csf-plugin/dist/webpack-loader.js
│  *
│  ../node_modules/@storybook/builder-webpack5/dist/loaders/export-order-loader.js
│  You may need an additional loader to handle the result of these
│  loaders.
│  > import type { Meta, StoryObj } from "@storybook/react-webpack5";
│  | import { SegmentTab } from "./index";
│  | const meta = {
│
■  Module parse failed: Unexpected token (2:12)
│  File was processed with these loaders:
│  * ./node_modules/@storybook/csf-plugin/dist/webpack-loader.js
│  *
│  ../node_modules/@storybook/builder-webpack5/dist/loaders/export-order-loader.js
│  You may need an additional loader to handle the result of these
│  loaders.
│  | import React from "react";
│  > import type { Meta, StoryObj } from "@storybook/react-webpack5";
│  | import { Select } from "../../index";
│  | import companyAvatarIcon from
│  "../../assets/icons/companyAvatar.svg";
│
■  Module parse failed: Unexpected token (1:12)
│  File was processed with these loaders:
│  * ./node_modules/@storybook/csf-plugin/dist/webpack-loader.js
│  *
│  ../node_modules/@storybook/builder-webpack5/dist/loaders/export-order-loader.js
│  You may need an additional loader to handle the result of these
│  loaders.
│  > import type { Meta, StoryObj } from "@storybook/react-webpack5";
│  | import { Separator } from "./Separator";
│  | const meta: Meta<typeof Separator> = {
│
■  Module parse failed: Unexpected token (1:12)
│  File was processed with these loaders:
│  * ./node_modules/@storybook/csf-plugin/dist/webpack-loader.js
│  *
│  ../node_modules/@storybook/builder-webpack5/dist/loaders/export-order-loader.js
│  You may need an additional loader to handle the result of these
│  loaders.
│  > import type { Meta, StoryObj } from "@storybook/react-webpack5";
│  | import React, { useState } from "react";
│  | import { Sheet } from "./Sheet";
│
■  Module parse failed: Unexpected token (2:12)
│  File was processed with these loaders:
│  * ./node_modules/@storybook/csf-plugin/dist/webpack-loader.js
│  *
│  ../node_modules/@storybook/builder-webpack5/dist/loaders/export-order-loader.js
│  You may need an additional loader to handle the result of these
│  loaders.
│  | import React from "react";
│  > import type { Meta, StoryObj } from "@storybook/react-webpack5";
│  | import { SideDrawer } from "../../index";
│  | const meta: Meta<typeof SideDrawer> = {
│
■  Module parse failed: Unexpected token (2:12)
│  File was processed with these loaders:
│  * ./node_modules/@storybook/csf-plugin/dist/webpack-loader.js
│  *
│  ../node_modules/@storybook/builder-webpack5/dist/loaders/export-order-loader.js
│  You may need an additional loader to handle the result of these
│  loaders.
│  | import React from "react";
│  > import type { Meta, StoryObj } from "@storybook/react-webpack5";
│  | import { Badge, TSideNavItem, SideNav as Nav } from "../../index";
│  | import companyAvatar from "./icons/companyAvatar.svg";
│
■  Module parse failed: Unexpected token (1:12)
│  File was processed with these loaders:
│  * ./node_modules/@storybook/csf-plugin/dist/webpack-loader.js
│  *
│  ../node_modules/@storybook/builder-webpack5/dist/loaders/export-order-loader.js
│  You may need an additional loader to handle the result of these
│  loaders.
│  > import type { Meta, StoryObj } from "@storybook/react-webpack5";
│  | import { Skeleton } from "./Skeleton";
│  | const meta: Meta<typeof Skeleton> = {
│
■  Module parse failed: Unexpected token (1:12)
│  File was processed with these loaders:
│  * ./node_modules/@storybook/csf-plugin/dist/webpack-loader.js
│  *
│  ../node_modules/@storybook/builder-webpack5/dist/loaders/export-order-loader.js
│  You may need an additional loader to handle the result of these
│  loaders.
│  > import type { Meta, StoryObj } from "@storybook/react-webpack5";
│  | import React, { useState } from "react";
│  | import { Slider } from "./Slider";
│
■  Module parse failed: Unexpected token (1:12)
│  File was processed with these loaders:
│  * ./node_modules/@storybook/csf-plugin/dist/webpack-loader.js
│  *
│  ../node_modules/@storybook/builder-webpack5/dist/loaders/export-order-loader.js
│  You may need an additional loader to handle the result of these
│  loaders.
│  > import type { Meta, StoryObj } from "@storybook/react-webpack5";
│  | import { Stackchart } from "../../index";
│  | const keys = ["uv", "pv"];
│
■  Module parse failed: Unexpected token (1:12)
│  File was processed with these loaders:
│  * ./node_modules/@storybook/csf-plugin/dist/webpack-loader.js
│  *
│  ../node_modules/@storybook/builder-webpack5/dist/loaders/export-order-loader.js
│  You may need an additional loader to handle the result of these
│  loaders.
│  > import type { Meta, StoryObj } from "@storybook/react-webpack5";
│  | import { StatusBar } from "./StatusBar";
│  | const meta: Meta<typeof StatusBar> = {
│
■  Module parse failed: Unexpected token (1:12)
│  File was processed with these loaders:
│  * ./node_modules/@storybook/csf-plugin/dist/webpack-loader.js
│  *
│  ../node_modules/@storybook/builder-webpack5/dist/loaders/export-order-loader.js
│  You may need an additional loader to handle the result of these
│  loaders.
│  > import type { Meta, StoryObj } from "@storybook/react-webpack5";
│  | import React, { useState } from "react";
│  | import { Stepper } from "./Stepper";
│
■  Module parse failed: Unexpected token (1:12)
│  File was processed with these loaders:
│  * ./node_modules/@storybook/csf-plugin/dist/webpack-loader.js
│  *
│  ../node_modules/@storybook/builder-webpack5/dist/loaders/export-order-loader.js
│  You may need an additional loader to handle the result of these
│  loaders.
│  > import type { Meta, StoryObj } from "@storybook/react-webpack5";
│  | import React from "react";
│  | import { SwipeableCard } from "./SwipeableCard";
│
■  Module parse failed: Unexpected token (2:12)
│  File was processed with these loaders:
│  * ./node_modules/@storybook/csf-plugin/dist/webpack-loader.js
│  *
│  ../node_modules/@storybook/builder-webpack5/dist/loaders/export-order-loader.js
│  You may need an additional loader to handle the result of these
│  loaders.
│  | import React, { useState } from "react";
│  > import type { Meta, StoryObj } from "@storybook/react-webpack5";
│  | import { Table } from "../../index"; // Assuming this is your Table
│  component
│  | import { action } from "storybook/actions"; // Import the action
│  helper
│
■  Module parse failed: Unexpected token (2:12)
│  File was processed with these loaders:
│  * ./node_modules/@storybook/csf-plugin/dist/webpack-loader.js
│  *
│  ../node_modules/@storybook/builder-webpack5/dist/loaders/export-order-loader.js
│  You may need an additional loader to handle the result of these
│  loaders.
│  | import React from "react";
│  > import type { Meta, StoryObj } from "@storybook/react-webpack5";
│  | import TemplateCard from "./TemplateCard";
│  | import userImage from "../../assets/icons/ticketAvatar.svg";
│
■  Module parse failed: Unexpected token (1:12)
│  File was processed with these loaders:
│  * ./node_modules/@storybook/csf-plugin/dist/webpack-loader.js
│  *
│  ../node_modules/@storybook/builder-webpack5/dist/loaders/export-order-loader.js
│  You may need an additional loader to handle the result of these
│  loaders.
│  > import type { Meta, StoryObj } from "@storybook/react-webpack5";
│  | import { ThemeSelector } from "./ThemeSelector";
│  | import { ThemeProvider } from "../../contexts/ThemeContext";
│
■  Module parse failed: Unexpected token (1:12)
│  File was processed with these loaders:
│  * ./node_modules/@storybook/csf-plugin/dist/webpack-loader.js
│  *
│  ../node_modules/@storybook/builder-webpack5/dist/loaders/export-order-loader.js
│  You may need an additional loader to handle the result of these
│  loaders.
│  > import type { Meta, StoryObj } from "@storybook/react-webpack5";
│  | import React from "react";
│  | import { ThemeProvider } from "../../contexts/ThemeContext";
│
■  Module parse failed: Unexpected token (1:12)
│  File was processed with these loaders:
│  * ./node_modules/@storybook/csf-plugin/dist/webpack-loader.js
│  *
│  ../node_modules/@storybook/builder-webpack5/dist/loaders/export-order-loader.js
│  You may need an additional loader to handle the result of these
│  loaders.
│  > import type { Meta, StoryObj } from "@storybook/react-webpack5";
│  | import { ThemeToggle } from "./ThemeToggle";
│  | import { ThemeProvider } from "../../contexts/ThemeContext";
│
■  Module parse failed: Unexpected token (1:12)
│  File was processed with these loaders:
│  * ./node_modules/@storybook/csf-plugin/dist/webpack-loader.js
│  *
│  ../node_modules/@storybook/builder-webpack5/dist/loaders/export-order-loader.js
│  You may need an additional loader to handle the result of these
│  loaders.
│  > import type { Meta, StoryObj } from "@storybook/react-webpack5";
│  | import { ToastAlert } from "../../index";
│  | const meta: Meta<typeof ToastAlert> = {
│
■  Module parse failed: Unexpected token (1:12)
│  File was processed with these loaders:
│  * ./node_modules/@storybook/csf-plugin/dist/webpack-loader.js
│  *
│  ../node_modules/@storybook/builder-webpack5/dist/loaders/export-order-loader.js
│  You may need an additional loader to handle the result of these
│  loaders.
│  > import type { Meta, StoryObj } from "@storybook/react-webpack5";
│  | import { ToastNotification } from "../../index";
│  | const meta: Meta<typeof ToastNotification> = {
│
■  Module parse failed: Unexpected token (3:10)
│  File was processed with these loaders:
│  * ./node_modules/@storybook/csf-plugin/dist/webpack-loader.js
│  *
│  ../node_modules/@storybook/builder-webpack5/dist/loaders/export-order-loader.js
│  You may need an additional loader to handle the result of these
│  loaders.
│  | import { Meta, StoryObj } from "@storybook/react-webpack5";
│  | import { Toggle } from "./index";
│  > const meta: Meta<typeof Toggle> = {
│  |   component: Toggle,
│  |   title: "designsystem/Toggle",
│
■  Module parse failed: Unexpected token (1:12)
│  File was processed with these loaders:
│  * ./node_modules/@storybook/csf-plugin/dist/webpack-loader.js
│  *
│  ../node_modules/@storybook/builder-webpack5/dist/loaders/export-order-loader.js
│  You may need an additional loader to handle the result of these
│  loaders.
│  > import type { Meta, StoryObj } from "@storybook/react-webpack5";
│  | import React from "react";
│  | import { BasicButton, ToolTip as TTip } from "../../index";
│
■  Module parse failed: Unexpected token (1:12)
│  File was processed with these loaders:
│  * ./node_modules/@storybook/csf-plugin/dist/webpack-loader.js
│  *
│  ../node_modules/@storybook/builder-webpack5/dist/loaders/export-order-loader.js
│  You may need an additional loader to handle the result of these
│  loaders.
│  > import type { Meta, StoryObj } from "@storybook/react-webpack5";
│  | import { Toolbar } from "./Toolbar";
│  | import { Button } from "../Button";
│
■  Module parse failed: Unexpected token (2:12)
│  File was processed with these loaders:
│  * ./node_modules/@storybook/csf-plugin/dist/webpack-loader.js
│  *
│  ../node_modules/@storybook/builder-webpack5/dist/loaders/export-order-loader.js
│  You may need an additional loader to handle the result of these
│  loaders.
│  | import React from "react";
│  > import type { Meta, StoryObj } from "@storybook/react-webpack5";
│  | import { TopBar } from "./TopBar";
│  | import { ButtonV2 } from "../ButtonV2";
│
■  Module parse failed: Unexpected token (1:12)
│  File was processed with these loaders:
│  * ./node_modules/@storybook/csf-plugin/dist/webpack-loader.js
│  *
│  ../node_modules/@storybook/builder-webpack5/dist/loaders/export-order-loader.js
│  You may need an additional loader to handle the result of these
│  loaders.
│  > import type { Meta, StoryObj } from "@storybook/react-webpack5";
│  | import { Typography as Tgraphy } from '../../index';
│  | const meta: Meta<typeof Tgraphy> = {
│
■  Module parse failed: Unexpected token (1:12)
│  File was processed with these loaders:
│  *
│  ../node_modules/@storybook/builder-webpack5/dist/loaders/storybook-mock-transform-loader.js
│  You may need an additional loader to handle the result of these
│  loaders.
│  > import type { Preview } from "@storybook/react-webpack5";
│  | import React from "react";
│  | import { ThemeProvider } from "../src/contexts/ThemeContext";
│
■  Error: Build failed with 2 errors:
│  ../node_modules/storybook/assets/server/mocker-runtime.template.js:1:31:
│  ERROR  : Could not resolve "@vitest/mocker"
│  ../node_modules/storybook/assets/server/mocker-runtime.template.js:2:50:
│  ERROR  : Could not resolve "@vitest/mocker/browser"

│  - main.js:1649 failureErrorWithLog
│  [presto-design-system]/[esbuild]/lib/main.js:1649:15

│  - main.js:1058
│  [presto-design-system]/[esbuild]/lib/main.js:1058:25

│  - main.js:1003
│  [presto-design-system]/[esbuild]/lib/main.js:1003:52

│  - main.js:1056 buildResponseToResult
│  [presto-design-system]/[esbuild]/lib/main.js:1056:7

│  - main.js:1085
│  [presto-design-system]/[esbuild]/lib/main.js:1085:16

│  - main.js:703 responseCallbacks.<computed>
│  [presto-design-system]/[esbuild]/lib/main.js:703:9

│  - main.js:762 handleIncomingPacket
│  [presto-design-system]/[esbuild]/lib/main.js:762:9

│  - main.js:679 Socket.readFromStdout
│  [presto-design-system]/[esbuild]/lib/main.js:679:7

│  - node:events:519 Socket.emit
│  node:events:519:28

│  - readable:561 addChunk
│  node:internal/streams/readable:561:12


│
■  Failed to build the preview
│
■  [38;2;241;97;97mSB_BUILDER-WEBPACK5_0003 (WebpackCompilationError): There were
│  problems when compiling your code with Webpack.
│  Run Storybook with --debug-webpack for more information.[39m
│  at
│  file:///Users/gaganmalik/Development/presto-design-system/node_modules/@storybook/builder-webpack5/dist/index.js:840:83
│  at
│  /Users/gaganmalik/Development/presto-design-system/node_modules/webpack/lib/HookWebpackError.js:66:2
│  at Hook.eval [as callAsync] (eval at create
│  (/Users/gaganmalik/Development/presto-design-system/node_modules/tapable/lib/HookCodeFactory.js:31:10),
│  <anonymous>:11:1)
│  at Hook.CALL_ASYNC_DELEGATE [as _callAsync]
│  (/Users/gaganmalik/Development/presto-design-system/node_modules/tapable/lib/Hook.js:21:14)
│  at Cache.shutdown
│  (/Users/gaganmalik/Development/presto-design-system/node_modules/webpack/lib/Cache.js:157:23)
│  at
│  /Users/gaganmalik/Development/presto-design-system/node_modules/webpack/lib/Compiler.js:1407:15
│  at Hook.eval [as callAsync] (eval at create
│  (/Users/gaganmalik/Development/presto-design-system/node_modules/tapable/lib/HookCodeFactory.js:31:10),
│  <anonymous>:6:1)
│  at Hook.CALL_ASYNC_DELEGATE [as _callAsync]
│  (/Users/gaganmalik/Development/presto-design-system/node_modules/tapable/lib/Hook.js:21:14)
│  at Compiler.close
│  (/Users/gaganmalik/Development/presto-design-system/node_modules/webpack/lib/Compiler.js:1400:23)
│  at
│  file:///Users/gaganmalik/Development/presto-design-system/node_modules/@storybook/builder-webpack5/dist/index.js:840:66
│  at finalCallback
│  (/Users/gaganmalik/Development/presto-design-system/node_modules/webpack/lib/Compiler.js:519:32)
│  at
│  /Users/gaganmalik/Development/presto-design-system/node_modules/webpack/lib/Compiler.js:543:13
│  at Hook.eval [as callAsync] (eval at create
│  (/Users/gaganmalik/Development/presto-design-system/node_modules/tapable/lib/HookCodeFactory.js:31:10),
│  <anonymous>:23:1)
│  at Hook.CALL_ASYNC_DELEGATE [as _callAsync]
│  (/Users/gaganmalik/Development/presto-design-system/node_modules/tapable/lib/Hook.js:21:14)
│  at onCompiled
│  (/Users/gaganmalik/Development/presto-design-system/node_modules/webpack/lib/Compiler.js:541:21)
│  at
│  /Users/gaganmalik/Development/presto-design-system/node_modules/webpack/lib/Compiler.js:1378:17
│  at _next0 (eval at create
│  (/Users/gaganmalik/Development/presto-design-system/node_modules/tapable/lib/HookCodeFactory.js:31:10),
│  <anonymous>:16:1)
│  at eval (eval at create
│  (/Users/gaganmalik/Development/presto-design-system/node_modules/tapable/lib/HookCodeFactory.js:31:10),
│  <anonymous>:26:1)
│  at process.processTicksAndRejections
│  (node:internal/process/task_queues:105:5)
│
▲  Could not resolve addon
│  "/Users/gaganmalik/Development/presto-design-system/node_modules/@storybook/addon-postcss",
│  skipping. Is it installed?
│
└  Storybook exited with an error

info Visit https://yarnpkg.com/en/docs/cli/run for documentation about this command.
